Using pre-set license
Built from '2020.3/release' branch; Version is '2020.3.7f1 (dd97f2c94397) revision 14522354'; Using compiler version '192528614'; Build Type 'Release'
OS: 'Windows 10 Home; OS build 19041.985; Version 2004; 64bit' Language: 'en' Physical Memory: 16235 MB
BatchMode: 1, IsHumanControllingUs: 0, StartBugReporterOnCrash: 0, Is64bit: 1, IsPro: 0

 COMMAND LINE ARGUMENTS:
C:\Program Files\Unity\Hub\Editor\2020.3.7f1\Editor\Unity.exe
-adb2
-batchMode
-noUpm
-name
AssetImportWorker0
-projectPath
C:/Users/bryn1/OneDrive/Documents/gitHubRepos/Monkfish/Call Of The Trench WS
-logFile
Logs/AssetImportWorker0.log
-srvPort
53170
Successfully changed project path to: C:/Users/bryn1/OneDrive/Documents/gitHubRepos/Monkfish/Call Of The Trench WS
C:/Users/bryn1/OneDrive/Documents/gitHubRepos/Monkfish/Call Of The Trench WS
Using Asset Import Pipeline V2.
Refreshing native plugins compatible for Editor in 33.21 ms, found 1 plugins.
Preloading 0 native plugins for Editor in 0.00 ms.
Initialize engine version: 2020.3.7f1 (dd97f2c94397)
[Subsystems] Discovering subsystems at path C:/Program Files/Unity/Hub/Editor/2020.3.7f1/Editor/Data/Resources/UnitySubsystems
[Subsystems] Discovering subsystems at path C:/Users/bryn1/OneDrive/Documents/gitHubRepos/Monkfish/Call Of The Trench WS/Assets
GfxDevice: creating device client; threaded=0
Direct3D:
    Version:  Direct3D 11.0 [level 11.1]
    Renderer: NVIDIA GeForce GTX 1650 (ID=0x1f91)
    Vendor:   
    VRAM:     3962 MB
    Driver:   26.21.14.4193
Initialize mono
Mono path[0] = 'C:/Program Files/Unity/Hub/Editor/2020.3.7f1/Editor/Data/Managed'
Mono path[1] = 'C:/Program Files/Unity/Hub/Editor/2020.3.7f1/Editor/Data/MonoBleedingEdge/lib/mono/unityjit'
Mono config path = 'C:/Program Files/Unity/Hub/Editor/2020.3.7f1/Editor/Data/MonoBleedingEdge/etc'
Using monoOptions --debugger-agent=transport=dt_socket,embedding=1,server=y,suspend=n,address=127.0.0.1:56640
Begin MonoManager ReloadAssembly
Registering precompiled unity dll's ...
Register platform support module: C:/Program Files/Unity/Hub/Editor/2020.3.7f1/Editor/Data/PlaybackEngines/WindowsStandaloneSupport/UnityEditor.WindowsStandalone.Extensions.dll
Registered in 0.001984 seconds.
Native extension for WindowsStandalone target not found
Refreshing native plugins compatible for Editor in 34.41 ms, found 1 plugins.
Preloading 0 native plugins for Editor in 0.00 ms.
Mono: successfully reloaded assembly
- Completed reload, in  0.959 seconds
Platform modules already initialized, skipping
Registering precompiled user dll's ...
Registered in 0.000967 seconds.
Begin MonoManager ReloadAssembly
Native extension for WindowsStandalone target not found
Refreshing native plugins compatible for Editor in 32.73 ms, found 1 plugins.
Preloading 0 native plugins for Editor in 0.00 ms.
Mono: successfully reloaded assembly
- Completed reload, in  0.868 seconds
Platform modules already initialized, skipping
========================================================================
Worker process is ready to serve import requests
Launched and connected shader compiler UnityShaderCompiler.exe after 0.04 seconds
Refreshing native plugins compatible for Editor in 0.68 ms, found 1 plugins.
Preloading 0 native plugins for Editor in 0.00 ms.
Unloading 1858 Unused Serialized files (Serialized files now loaded: 0)
System memory in use before: 88.7 MB.
System memory in use after: 88.6 MB.

Unloading 24 unused Assets to reduce memory usage. Loaded Objects now: 2301.
Total: 2.020200 ms (FindLiveObjects: 0.162300 ms CreateObjectMapping: 0.053000 ms MarkObjects: 1.693700 ms  DeleteObjects: 0.110500 ms)

========================================================================
Received Import Request.
  path: Assets/ButtonBehavior.cs
  artifactKey: Guid(fc1eb900ad255c547a609d0a16ce87f4) Importer(815301076,1909f56bfc062723c751e8b465ee728b)
Start importing Assets/ButtonBehavior.cs using Guid(fc1eb900ad255c547a609d0a16ce87f4) Importer(815301076,1909f56bfc062723c751e8b465ee728b)  -> (artifact id: '8dbcd242cd042e15c75726dd70c4adf9') in 0.029044 seconds
  Import took 0.033238 seconds .

========================================================================
Received Prepare
Registering precompiled user dll's ...
Registered in 0.001027 seconds.
Begin MonoManager ReloadAssembly
Native extension for WindowsStandalone target not found
Refreshing native plugins compatible for Editor in 0.35 ms, found 1 plugins.
Preloading 0 native plugins for Editor in 0.00 ms.
Mono: successfully reloaded assembly
- Completed reload, in  0.806 seconds
Platform modules already initialized, skipping
Refreshing native plugins compatible for Editor in 0.45 ms, found 1 plugins.
Preloading 0 native plugins for Editor in 0.00 ms.
Unloading 1840 Unused Serialized files (Serialized files now loaded: 0)
System memory in use before: 87.4 MB.
System memory in use after: 87.3 MB.

Unloading 12 unused Assets to reduce memory usage. Loaded Objects now: 2305.
Total: 2.007100 ms (FindLiveObjects: 0.219900 ms CreateObjectMapping: 0.072100 ms MarkObjects: 1.622800 ms  DeleteObjects: 0.091400 ms)

========================================================================
Received Import Request.
  Time since last request: 75.574793 seconds.
  path: Assets/StatDisplayBehavior.cs
  artifactKey: Guid(a8ccb20a814b081408990f77b458011f) Importer(815301076,1909f56bfc062723c751e8b465ee728b)
Start importing Assets/StatDisplayBehavior.cs using Guid(a8ccb20a814b081408990f77b458011f) Importer(815301076,1909f56bfc062723c751e8b465ee728b)  -> (artifact id: '02310f520f668a409afe7ab4edf2c3f1') in 0.014612 seconds
  Import took 0.019854 seconds .

========================================================================
Received Import Request.
  Time since last request: 0.800898 seconds.
  path: Assets/SwimBehavior.cs
  artifactKey: Guid(e12c6e945648c8c4ba3795dd8a294309) Importer(815301076,1909f56bfc062723c751e8b465ee728b)
Start importing Assets/SwimBehavior.cs using Guid(e12c6e945648c8c4ba3795dd8a294309) Importer(815301076,1909f56bfc062723c751e8b465ee728b)  -> (artifact id: '860e5323441847d787ced383e6ca4da3') in 0.007213 seconds
  Import took 0.012306 seconds .

========================================================================
Received Import Request.
  Time since last request: 0.001952 seconds.
  path: Assets/SwimBehavior.cs
  artifactKey: Guid(e12c6e945648c8c4ba3795dd8a294309) Importer(815301076,1909f56bfc062723c751e8b465ee728b)
Start importing Assets/SwimBehavior.cs using Guid(e12c6e945648c8c4ba3795dd8a294309) Importer(815301076,1909f56bfc062723c751e8b465ee728b)  -> (artifact id: '860e5323441847d787ced383e6ca4da3') in 0.004651 seconds
  Import took 0.009759 seconds .

========================================================================
Received Import Request.
  Time since last request: 75.176365 seconds.
  path: Assets/Scenes/CharacterSelectScreen.unity
  artifactKey: Guid(c5fb4089e8e76454792d99ccdfc98825) Importer(815301076,1909f56bfc062723c751e8b465ee728b)
Start importing Assets/Scenes/CharacterSelectScreen.unity using Guid(c5fb4089e8e76454792d99ccdfc98825) Importer(815301076,1909f56bfc062723c751e8b465ee728b)  -> (artifact id: 'e8cef45f9415b949798ddbd636c1f48b') in 0.015157 seconds
  Import took 0.019165 seconds .

========================================================================
Received Import Request.
  Time since last request: 1.943774 seconds.
  path: Assets/Scenes/EndScreen.unity
  artifactKey: Guid(98afc639e13cf844fb17e13c4d38335c) Importer(815301076,1909f56bfc062723c751e8b465ee728b)
Start importing Assets/Scenes/EndScreen.unity using Guid(98afc639e13cf844fb17e13c4d38335c) Importer(815301076,1909f56bfc062723c751e8b465ee728b)  -> (artifact id: 'e5e081f2e7fc84dae441009dba88b2b2') in 0.008125 seconds
  Import took 0.012039 seconds .

========================================================================
Received Import Request.
  Time since last request: 0.465521 seconds.
  path: Assets/Scenes/GBRScene.unity
  artifactKey: Guid(e741fff579eb36f44a894388fd4379f9) Importer(815301076,1909f56bfc062723c751e8b465ee728b)
Start importing Assets/Scenes/GBRScene.unity using Guid(e741fff579eb36f44a894388fd4379f9) Importer(815301076,1909f56bfc062723c751e8b465ee728b)  -> (artifact id: 'b082e25b13716cd6a850e1e4d73b5be3') in 0.009604 seconds
  Import took 0.013846 seconds .

========================================================================
Received Import Request.
  Time since last request: 0.352494 seconds.
  path: Assets/Scenes/MTScene.unity
  artifactKey: Guid(ce7adcce408e8ba4987e853ff25771a1) Importer(815301076,1909f56bfc062723c751e8b465ee728b)
Start importing Assets/Scenes/MTScene.unity using Guid(ce7adcce408e8ba4987e853ff25771a1) Importer(815301076,1909f56bfc062723c751e8b465ee728b)  -> (artifact id: '69c4b7d124f26bc215ba3e05f47ea5c7') in 0.009914 seconds
  Import took 0.014447 seconds .

========================================================================
Received Import Request.
  Time since last request: 7.521199 seconds.
  path: Assets/Scenes/PNGScene.unity
  artifactKey: Guid(d4e7fd7412fd9fb4a85515f976823543) Importer(815301076,1909f56bfc062723c751e8b465ee728b)
Start importing Assets/Scenes/PNGScene.unity using Guid(d4e7fd7412fd9fb4a85515f976823543) Importer(815301076,1909f56bfc062723c751e8b465ee728b)  -> (artifact id: '15a3e0530c4c3747ce7147462d38233b') in 0.008458 seconds
  Import took 0.012395 seconds .

========================================================================
Received Prepare
Registering precompiled user dll's ...
Registered in 0.000926 seconds.
Begin MonoManager ReloadAssembly
Native extension for WindowsStandalone target not found
Refreshing native plugins compatible for Editor in 0.35 ms, found 1 plugins.
Preloading 0 native plugins for Editor in 0.00 ms.
Mono: successfully reloaded assembly
- Completed reload, in  0.765 seconds
Platform modules already initialized, skipping
Refreshing native plugins compatible for Editor in 0.34 ms, found 1 plugins.
Preloading 0 native plugins for Editor in 0.00 ms.
Unloading 1840 Unused Serialized files (Serialized files now loaded: 0)
System memory in use before: 87.4 MB.
System memory in use after: 87.4 MB.

Unloading 12 unused Assets to reduce memory usage. Loaded Objects now: 2309.
Total: 1.858700 ms (FindLiveObjects: 0.181700 ms CreateObjectMapping: 0.063200 ms MarkObjects: 1.521300 ms  DeleteObjects: 0.091300 ms)

========================================================================
Received Prepare
Registering precompiled user dll's ...
Registered in 0.001009 seconds.
Begin MonoManager ReloadAssembly
Native extension for WindowsStandalone target not found
Refreshing native plugins compatible for Editor in 0.33 ms, found 1 plugins.
Preloading 0 native plugins for Editor in 0.00 ms.
Mono: successfully reloaded assembly
- Completed reload, in  0.781 seconds
Platform modules already initialized, skipping
Refreshing native plugins compatible for Editor in 0.34 ms, found 1 plugins.
Preloading 0 native plugins for Editor in 0.00 ms.
Unloading 1840 Unused Serialized files (Serialized files now loaded: 0)
System memory in use before: 87.4 MB.
System memory in use after: 87.4 MB.

Unloading 12 unused Assets to reduce memory usage. Loaded Objects now: 2313.
Total: 2.270000 ms (FindLiveObjects: 0.308700 ms CreateObjectMapping: 0.090200 ms MarkObjects: 1.730400 ms  DeleteObjects: 0.139600 ms)

========================================================================
Received Import Request.
  Time since last request: 221.767926 seconds.
  path: Packages/com.unity.ugui/Runtime/EventSystem/EventSystem.cs
  artifactKey: Guid(76c392e42b5098c458856cdf6ecaaaa1) Importer(815301076,1909f56bfc062723c751e8b465ee728b)
Start importing Packages/com.unity.ugui/Runtime/EventSystem/EventSystem.cs using Guid(76c392e42b5098c458856cdf6ecaaaa1) Importer(815301076,1909f56bfc062723c751e8b465ee728b)  -> (artifact id: '819ca768568aff684b02dbea3db57471') in 0.008240 seconds
  Import took 0.011762 seconds .

========================================================================
Received Import Request.
  Time since last request: 0.000543 seconds.
  path: Packages/com.unity.ugui/Runtime/EventSystem/EventSystem.cs
  artifactKey: Guid(76c392e42b5098c458856cdf6ecaaaa1) Importer(815301076,1909f56bfc062723c751e8b465ee728b)
Start importing Packages/com.unity.ugui/Runtime/EventSystem/EventSystem.cs using Guid(76c392e42b5098c458856cdf6ecaaaa1) Importer(815301076,1909f56bfc062723c751e8b465ee728b)  -> (artifact id: '819ca768568aff684b02dbea3db57471') in 0.003287 seconds
  Import took 0.006162 seconds .

========================================================================
Received Prepare
Registering precompiled user dll's ...
Registered in 0.001232 seconds.
Begin MonoManager ReloadAssembly
Native extension for WindowsStandalone target not found
Refreshing native plugins compatible for Editor in 0.35 ms, found 1 plugins.
Preloading 0 native plugins for Editor in 0.00 ms.
Mono: successfully reloaded assembly
- Completed reload, in  0.796 seconds
Platform modules already initialized, skipping
Refreshing native plugins compatible for Editor in 0.34 ms, found 1 plugins.
Preloading 0 native plugins for Editor in 0.00 ms.
Unloading 1840 Unused Serialized files (Serialized files now loaded: 0)
System memory in use before: 87.5 MB.
System memory in use after: 87.4 MB.

Unloading 12 unused Assets to reduce memory usage. Loaded Objects now: 2317.
Total: 2.049300 ms (FindLiveObjects: 0.205300 ms CreateObjectMapping: 0.133700 ms MarkObjects: 1.615400 ms  DeleteObjects: 0.093800 ms)

========================================================================
Received Prepare
Registering precompiled user dll's ...
Registered in 0.000986 seconds.
Begin MonoManager ReloadAssembly
Native extension for WindowsStandalone target not found
Refreshing native plugins compatible for Editor in 0.35 ms, found 1 plugins.
Preloading 0 native plugins for Editor in 0.00 ms.
Mono: successfully reloaded assembly
- Completed reload, in  0.802 seconds
Platform modules already initialized, skipping
Refreshing native plugins compatible for Editor in 0.39 ms, found 1 plugins.
Preloading 0 native plugins for Editor in 0.00 ms.
Unloading 1840 Unused Serialized files (Serialized files now loaded: 0)
System memory in use before: 87.5 MB.
System memory in use after: 87.4 MB.

Unloading 12 unused Assets to reduce memory usage. Loaded Objects now: 2321.
Total: 2.567500 ms (FindLiveObjects: 0.273300 ms CreateObjectMapping: 0.075200 ms MarkObjects: 2.074200 ms  DeleteObjects: 0.143600 ms)

========================================================================
Received Prepare
Registering precompiled user dll's ...
Registered in 0.000941 seconds.
Begin MonoManager ReloadAssembly
Native extension for WindowsStandalone target not found
Refreshing native plugins compatible for Editor in 0.33 ms, found 1 plugins.
Preloading 0 native plugins for Editor in 0.00 ms.
Mono: successfully reloaded assembly
- Completed reload, in  0.778 seconds
Platform modules already initialized, skipping
Refreshing native plugins compatible for Editor in 0.37 ms, found 1 plugins.
Preloading 0 native plugins for Editor in 0.00 ms.
Unloading 1840 Unused Serialized files (Serialized files now loaded: 0)
System memory in use before: 87.5 MB.
System memory in use after: 87.5 MB.

Unloading 12 unused Assets to reduce memory usage. Loaded Objects now: 2325.
Total: 1.847700 ms (FindLiveObjects: 0.144100 ms CreateObjectMapping: 0.047800 ms MarkObjects: 1.564100 ms  DeleteObjects: 0.090900 ms)

========================================================================
Received Prepare
Registering precompiled user dll's ...
Registered in 0.001086 seconds.
Begin MonoManager ReloadAssembly
Native extension for WindowsStandalone target not found
Refreshing native plugins compatible for Editor in 0.33 ms, found 1 plugins.
Preloading 0 native plugins for Editor in 0.00 ms.
Mono: successfully reloaded assembly
- Completed reload, in  0.769 seconds
Platform modules already initialized, skipping
Refreshing native plugins compatible for Editor in 0.33 ms, found 1 plugins.
Preloading 0 native plugins for Editor in 0.00 ms.
Unloading 1840 Unused Serialized files (Serialized files now loaded: 0)
System memory in use before: 87.5 MB.
System memory in use after: 87.5 MB.

Unloading 12 unused Assets to reduce memory usage. Loaded Objects now: 2329.
Total: 2.507100 ms (FindLiveObjects: 0.463700 ms CreateObjectMapping: 0.129900 ms MarkObjects: 1.811700 ms  DeleteObjects: 0.100200 ms)

AssetImportWorkerClient::OnTransportError - code=2 error=End of file
